2026-02-07 00:00:00 [MessageBroker-2] INFO  c.d.d.p.scheduler.PromotionScheduler - Starting scheduled task: Deactivate expired promotions
2026-02-07 00:00:00 [MessageBroker-2] INFO  c.d.d.p.s.i.PromotionPlatServiceImpl - Running scheduled task to deactivate expired promotions
2026-02-07 00:00:00 [MessageBroker-2] INFO  c.d.d.p.s.i.PromotionPlatServiceImpl - No expired promotions found
2026-02-07 00:00:00 [MessageBroker-3] INFO  c.d.d.a.service.OtpService - 🧹 Expired OTPs cleaned up successfully
2026-02-07 00:00:00 [MessageBroker-2] INFO  c.d.d.p.scheduler.PromotionScheduler - No expired promotions to deactivate
2026-02-07 00:00:00 [MessageBroker-2] INFO  c.d.d.p.scheduler.PromotionScheduler - Completed scheduled task: Deactivate expired promotions
2026-02-07 00:02:17 [http-nio-8080-exec-10] INFO  c.d.d.a.c.AdministrationController - Received request to get admin stats
2026-02-07 00:02:17 [http-nio-8080-exec-9] INFO  c.d.d.a.c.AdministrationController - Received request to get admin stats
2026-02-07 00:02:17 [http-nio-8080-exec-9] INFO  c.d.d.a.s.i.AdministrationServiceImpl - Fetching admin statistics
2026-02-07 00:02:17 [http-nio-8080-exec-10] INFO  c.d.d.a.s.i.AdministrationServiceImpl - Fetching admin statistics
2026-02-07 00:02:17 [http-nio-8080-exec-9] INFO  c.d.d.a.s.i.AdministrationServiceImpl - Admin statistics retrieved successfully
2026-02-07 00:02:17 [http-nio-8080-exec-10] INFO  c.d.d.a.s.i.AdministrationServiceImpl - Admin statistics retrieved successfully
2026-02-07 00:02:17 [http-nio-8080-exec-9] INFO  c.d.d.a.c.AdministrationController - Admin stats retrieved successfully by admin: b51a8609-05d1-4bf0-9127-724ba5826894
2026-02-07 00:02:17 [http-nio-8080-exec-10] INFO  c.d.d.a.c.AdministrationController - Admin stats retrieved successfully by admin: b51a8609-05d1-4bf0-9127-724ba5826894
2026-02-07 00:02:57 [http-nio-8080-exec-4] INFO  c.d.d.a.c.AdministrationController - Received request to get admin stats
2026-02-07 00:02:57 [http-nio-8080-exec-3] INFO  c.d.d.a.c.AdministrationController - Received request to get admin stats
2026-02-07 00:02:57 [http-nio-8080-exec-3] INFO  c.d.d.a.s.i.AdministrationServiceImpl - Fetching admin statistics
2026-02-07 00:02:57 [http-nio-8080-exec-4] INFO  c.d.d.a.s.i.AdministrationServiceImpl - Fetching admin statistics
2026-02-07 00:02:58 [http-nio-8080-exec-3] INFO  c.d.d.a.s.i.AdministrationServiceImpl - Admin statistics retrieved successfully
2026-02-07 00:02:58 [http-nio-8080-exec-4] INFO  c.d.d.a.s.i.AdministrationServiceImpl - Admin statistics retrieved successfully
2026-02-07 00:02:58 [http-nio-8080-exec-3] INFO  c.d.d.a.c.AdministrationController - Admin stats retrieved successfully by admin: b51a8609-05d1-4bf0-9127-724ba5826894
2026-02-07 00:02:58 [http-nio-8080-exec-4] INFO  c.d.d.a.c.AdministrationController - Admin stats retrieved successfully by admin: b51a8609-05d1-4bf0-9127-724ba5826894
2026-02-07 00:08:17 [SpringApplicationShutdownHook] INFO  o.s.b.w.e.tomcat.GracefulShutdown - Commencing graceful shutdown. Waiting for active requests to complete
2026-02-07 00:08:17 [tomcat-shutdown] INFO  o.s.b.w.e.tomcat.GracefulShutdown - Graceful shutdown complete
2026-02-07 00:08:17 [SpringApplicationShutdownHook] INFO  o.s.m.s.b.SimpleBrokerMessageHandler - Stopping...
2026-02-07 00:08:17 [SpringApplicationShutdownHook] INFO  o.s.m.s.b.SimpleBrokerMessageHandler - BrokerAvailabilityEvent[available=false, SimpleBrokerMessageHandler [org.springframework.messaging.simp.broker.DefaultSubscriptionRegistry@5b246697]]
2026-02-07 00:08:17 [SpringApplicationShutdownHook] INFO  o.s.m.s.b.SimpleBrokerMessageHandler - Stopped.
2026-02-07 00:08:17 [SpringApplicationShutdownHook] INFO  o.s.o.j.LocalContainerEntityManagerFactoryBean - Closing JPA EntityManagerFactory for persistence unit 'default'
2026-02-07 00:08:17 [SpringApplicationShutdownHook] INFO  com.zaxxer.hikari.HikariDataSource - HikariPool-1 - Shutdown initiated...
2026-02-07 00:08:17 [SpringApplicationShutdownHook] INFO  com.zaxxer.hikari.HikariDataSource - HikariPool-1 - Shutdown completed.
2026-02-07 00:10:39 [restartedMain] INFO  c.d.dineo.DineoApplication - Starting DineoApplication using Java 24.0.2 with PID 24314 (/Users/atouaninael/Desktop/personal/dineo project/backend/target/classes started by atouaninael in /Users/atouaninael/Desktop/personal/dineo project/backend)
2026-02-07 00:10:39 [restartedMain] INFO  c.d.dineo.DineoApplication - No active profile set, falling back to 1 default profile: "default"
2026-02-07 00:10:39 [restartedMain] INFO  o.s.b.d.e.DevToolsPropertyDefaultsPostProcessor - Devtools property defaults active! Set 'spring.devtools.add-properties' to 'false' to disable
2026-02-07 00:10:39 [restartedMain] INFO  o.s.b.d.e.DevToolsPropertyDefaultsPostProcessor - For additional web related logging consider setting the 'logging.level.web' property to 'DEBUG'
2026-02-07 00:10:39 [restartedMain] INFO  o.s.d.r.c.RepositoryConfigurationDelegate - Bootstrapping Spring Data JPA repositories in DEFAULT mode.
2026-02-07 00:10:39 [restartedMain] INFO  o.s.d.r.c.RepositoryConfigurationDelegate - Finished Spring Data repository scanning in 30 ms. Found 17 JPA repository interfaces.
2026-02-07 00:10:39 [restartedMain] INFO  o.s.b.w.e.tomcat.TomcatWebServer - Tomcat initialized with port 8080 (http)
2026-02-07 00:10:39 [restartedMain] INFO  o.a.catalina.core.StandardService - Starting service [Tomcat]
2026-02-07 00:10:39 [restartedMain] INFO  o.a.catalina.core.StandardEngine - Starting Servlet engine: [Apache Tomcat/10.1.43]
2026-02-07 00:10:39 [restartedMain] INFO  o.a.c.c.C.[Tomcat].[localhost].[/] - Initializing Spring embedded WebApplicationContext
2026-02-07 00:10:39 [restartedMain] INFO  o.s.b.w.s.c.ServletWebServerApplicationContext - Root WebApplicationContext: initialization completed in 482 ms
2026-02-07 00:10:39 [restartedMain] INFO  com.zaxxer.hikari.HikariDataSource - HikariPool-1 - Starting...
2026-02-07 00:10:40 [restartedMain] INFO  com.zaxxer.hikari.pool.HikariPool - HikariPool-1 - Added connection com.mysql.cj.jdbc.ConnectionImpl@6b9c1b64
2026-02-07 00:10:40 [restartedMain] INFO  com.zaxxer.hikari.HikariDataSource - HikariPool-1 - Start completed.
2026-02-07 00:10:42 [restartedMain] INFO  o.h.jpa.internal.util.LogHelper - HHH000204: Processing PersistenceUnitInfo [name: default]
2026-02-07 00:10:42 [restartedMain] INFO  org.hibernate.Version - HHH000412: Hibernate ORM core version 6.6.22.Final
2026-02-07 00:10:42 [restartedMain] INFO  o.h.c.i.RegionFactoryInitiator - HHH000026: Second-level cache disabled
2026-02-07 00:10:42 [restartedMain] INFO  o.s.o.j.p.SpringPersistenceUnitInfo - No LoadTimeWeaver setup: ignoring JPA class transformer
2026-02-07 00:10:42 [restartedMain] WARN  org.hibernate.orm.deprecation - HHH90000025: MySQLDialect does not need to be specified explicitly using 'hibernate.dialect' (remove the property setting and it will be selected by default)
2026-02-07 00:10:42 [restartedMain] INFO  o.hibernate.orm.connections.pooling - HHH10001005: Database info:
	Database JDBC URL [Connecting through datasource 'HikariDataSource (HikariPool-1)']
	Database driver: undefined/unknown
	Database version: 9.5
	Autocommit mode: undefined/unknown
	Isolation level: undefined/unknown
	Minimum pool size: undefined/unknown
	Maximum pool size: undefined/unknown
2026-02-07 00:10:42 [restartedMain] INFO  o.h.e.t.j.p.i.JtaPlatformInitiator - HHH000489: No JTA platform available (set 'hibernate.transaction.jta.platform' to enable JTA platform integration)
2026-02-07 00:10:43 [restartedMain] INFO  o.s.o.j.LocalContainerEntityManagerFactoryBean - Initialized JPA EntityManagerFactory for persistence unit 'default'
2026-02-07 00:10:44 [restartedMain] INFO  o.s.d.j.r.query.QueryEnhancerFactory - Hibernate is in classpath; If applicable, HQL parser will be used.
2026-02-07 00:10:44 [restartedMain] INFO  c.d.d.n.b.PromotionEmailBatchConfig - Initialized email batch thread pool with 4 threads
2026-02-07 00:10:44 [restartedMain] INFO  c.d.d.n.b.PromotionEmailBatchConfig - Performance: 4x faster than single-threaded
2026-02-07 00:10:44 [restartedMain] INFO  c.d.d.n.b.PromotionEmailBatchConfig - Estimated time for 1000 emails: 75 seconds
2026-02-07 00:10:45 [restartedMain] INFO  c.d.d.p.s.i.StripePaymentServiceImpl - Stripe API initialized successfully
2026-02-07 00:10:45 [restartedMain] WARN  o.s.b.a.o.j.JpaBaseConfiguration$JpaWebConfiguration - spring.jpa.open-in-view is enabled by default. Therefore, database queries may be performed during view rendering. Explicitly configure spring.jpa.open-in-view to disable this warning
2026-02-07 00:10:45 [restartedMain] INFO  o.s.s.c.a.a.c.InitializeAuthenticationProviderBeanManagerConfigurer$InitializeAuthenticationProviderManagerConfigurer - Global AuthenticationManager configured with AuthenticationProvider bean with name authenticationProvider
2026-02-07 00:10:45 [restartedMain] WARN  o.s.s.c.a.a.c.InitializeUserDetailsBeanManagerConfigurer$InitializeUserDetailsManagerConfigurer - Global AuthenticationManager configured with an AuthenticationProvider bean. UserDetailsService beans will not be used by Spring Security for automatically configuring username/password login. Consider removing the AuthenticationProvider bean. Alternatively, consider using the UserDetailsService in a manually instantiated DaoAuthenticationProvider. If the current configuration is intentional, to turn off this warning, increase the logging level of 'org.springframework.security.config.annotation.authentication.configuration.InitializeUserDetailsBeanManagerConfigurer' to ERROR
2026-02-07 00:10:45 [restartedMain] INFO  o.s.b.d.a.OptionalLiveReloadServer - LiveReload server is running on port 35729
2026-02-07 00:10:45 [restartedMain] INFO  o.s.m.s.b.SimpleBrokerMessageHandler - Starting...
2026-02-07 00:10:45 [restartedMain] INFO  o.s.m.s.b.SimpleBrokerMessageHandler - BrokerAvailabilityEvent[available=true, SimpleBrokerMessageHandler [org.springframework.messaging.simp.broker.DefaultSubscriptionRegistry@37d50c31]]
2026-02-07 00:10:45 [restartedMain] INFO  o.s.m.s.b.SimpleBrokerMessageHandler - Started.
2026-02-07 00:10:45 [restartedMain] INFO  o.s.b.w.e.tomcat.TomcatWebServer - Tomcat started on port 8080 (http) with context path '/'
2026-02-07 00:10:45 [restartedMain] INFO  c.d.dineo.DineoApplication - Started DineoApplication in 6.034 seconds (process running for 6.157)
2026-02-07 00:11:17 [restartedMain] INFO  c.d.dineo.DineoApplication - Starting DineoApplication using Java 24.0.2 with PID 24489 (/Users/atouaninael/Desktop/personal/dineo project/backend/target/classes started by atouaninael in /Users/atouaninael/Desktop/personal/dineo project/backend)
2026-02-07 00:11:17 [restartedMain] INFO  c.d.dineo.DineoApplication - No active profile set, falling back to 1 default profile: "default"
2026-02-07 00:11:17 [restartedMain] INFO  o.s.b.d.e.DevToolsPropertyDefaultsPostProcessor - Devtools property defaults active! Set 'spring.devtools.add-properties' to 'false' to disable
2026-02-07 00:11:17 [restartedMain] INFO  o.s.b.d.e.DevToolsPropertyDefaultsPostProcessor - For additional web related logging consider setting the 'logging.level.web' property to 'DEBUG'
2026-02-07 00:11:17 [restartedMain] INFO  o.s.d.r.c.RepositoryConfigurationDelegate - Bootstrapping Spring Data JPA repositories in DEFAULT mode.
2026-02-07 00:11:17 [restartedMain] INFO  o.s.d.r.c.RepositoryConfigurationDelegate - Finished Spring Data repository scanning in 30 ms. Found 17 JPA repository interfaces.
2026-02-07 00:11:17 [restartedMain] INFO  o.s.b.w.e.tomcat.TomcatWebServer - Tomcat initialized with port 8080 (http)
2026-02-07 00:11:17 [restartedMain] INFO  o.a.catalina.core.StandardService - Starting service [Tomcat]
2026-02-07 00:11:17 [restartedMain] INFO  o.a.catalina.core.StandardEngine - Starting Servlet engine: [Apache Tomcat/10.1.43]
2026-02-07 00:11:17 [restartedMain] INFO  o.a.c.c.C.[Tomcat].[localhost].[/] - Initializing Spring embedded WebApplicationContext
2026-02-07 00:11:17 [restartedMain] INFO  o.s.b.w.s.c.ServletWebServerApplicationContext - Root WebApplicationContext: initialization completed in 467 ms
2026-02-07 00:11:17 [restartedMain] INFO  com.zaxxer.hikari.HikariDataSource - HikariPool-1 - Starting...
2026-02-07 00:11:17 [File Watcher] INFO  o.s.b.d.a.LocalDevToolsAutoConfiguration$RestartingClassPathChangeChangedEventListener - Restarting due to 193 class path changes (0 additions, 0 deletions, 193 modifications)
2026-02-07 00:11:17 [Thread-5] INFO  o.s.b.w.e.tomcat.GracefulShutdown - Commencing graceful shutdown. Waiting for active requests to complete
2026-02-07 00:11:17 [tomcat-shutdown] INFO  o.s.b.w.e.tomcat.GracefulShutdown - Graceful shutdown complete
2026-02-07 00:11:17 [Thread-5] INFO  o.s.m.s.b.SimpleBrokerMessageHandler - Stopping...
2026-02-07 00:11:17 [Thread-5] INFO  o.s.m.s.b.SimpleBrokerMessageHandler - BrokerAvailabilityEvent[available=false, SimpleBrokerMessageHandler [org.springframework.messaging.simp.broker.DefaultSubscriptionRegistry@37d50c31]]
2026-02-07 00:11:17 [Thread-5] INFO  o.s.m.s.b.SimpleBrokerMessageHandler - Stopped.
2026-02-07 00:11:17 [Thread-5] INFO  o.s.o.j.LocalContainerEntityManagerFactoryBean - Closing JPA EntityManagerFactory for persistence unit 'default'
2026-02-07 00:11:17 [Thread-5] INFO  com.zaxxer.hikari.HikariDataSource - HikariPool-1 - Shutdown initiated...
2026-02-07 00:11:17 [Thread-5] INFO  com.zaxxer.hikari.HikariDataSource - HikariPool-1 - Shutdown completed.
2026-02-07 00:11:17 [restartedMain] INFO  c.d.dineo.DineoApplication - Starting DineoApplication using Java 24.0.2 with PID 24314 (/Users/atouaninael/Desktop/personal/dineo project/backend/target/classes started by atouaninael in /Users/atouaninael/Desktop/personal/dineo project/backend)
2026-02-07 00:11:17 [restartedMain] INFO  c.d.dineo.DineoApplication - No active profile set, falling back to 1 default profile: "default"
2026-02-07 00:11:18 [restartedMain] INFO  o.s.d.r.c.RepositoryConfigurationDelegate - Bootstrapping Spring Data JPA repositories in DEFAULT mode.
2026-02-07 00:11:18 [restartedMain] INFO  o.s.d.r.c.RepositoryConfigurationDelegate - Finished Spring Data repository scanning in 15 ms. Found 17 JPA repository interfaces.
2026-02-07 00:11:18 [restartedMain] INFO  o.s.b.w.e.tomcat.TomcatWebServer - Tomcat initialized with port 8080 (http)
2026-02-07 00:11:18 [restartedMain] INFO  o.a.catalina.core.StandardService - Starting service [Tomcat]
2026-02-07 00:11:18 [restartedMain] INFO  o.a.catalina.core.StandardEngine - Starting Servlet engine: [Apache Tomcat/10.1.43]
2026-02-07 00:11:18 [restartedMain] INFO  o.a.c.c.C.[Tomcat].[localhost].[/] - Initializing Spring embedded WebApplicationContext
2026-02-07 00:11:18 [restartedMain] INFO  o.s.b.w.s.c.ServletWebServerApplicationContext - Root WebApplicationContext: initialization completed in 127 ms
2026-02-07 00:11:18 [restartedMain] INFO  com.zaxxer.hikari.HikariDataSource - HikariPool-2 - Starting...
2026-02-07 00:11:18 [restartedMain] INFO  com.zaxxer.hikari.pool.HikariPool - HikariPool-1 - Added connection com.mysql.cj.jdbc.ConnectionImpl@23dd305f
2026-02-07 00:11:18 [restartedMain] INFO  com.zaxxer.hikari.HikariDataSource - HikariPool-1 - Start completed.
2026-02-07 00:11:18 [restartedMain] INFO  com.zaxxer.hikari.pool.HikariPool - HikariPool-2 - Added connection com.mysql.cj.jdbc.ConnectionImpl@5a879ff
2026-02-07 00:11:18 [restartedMain] INFO  com.zaxxer.hikari.HikariDataSource - HikariPool-2 - Start completed.
2026-02-07 00:11:20 [restartedMain] INFO  o.h.jpa.internal.util.LogHelper - HHH000204: Processing PersistenceUnitInfo [name: default]
2026-02-07 00:11:20 [restartedMain] INFO  o.h.c.i.RegionFactoryInitiator - HHH000026: Second-level cache disabled
2026-02-07 00:11:20 [restartedMain] INFO  o.s.o.j.p.SpringPersistenceUnitInfo - No LoadTimeWeaver setup: ignoring JPA class transformer
2026-02-07 00:11:20 [restartedMain] INFO  o.h.jpa.internal.util.LogHelper - HHH000204: Processing PersistenceUnitInfo [name: default]
2026-02-07 00:11:20 [restartedMain] WARN  org.hibernate.orm.deprecation - HHH90000025: MySQLDialect does not need to be specified explicitly using 'hibernate.dialect' (remove the property setting and it will be selected by default)
2026-02-07 00:11:20 [restartedMain] INFO  org.hibernate.Version - HHH000412: Hibernate ORM core version 6.6.22.Final
2026-02-07 00:11:20 [restartedMain] INFO  o.hibernate.orm.connections.pooling - HHH10001005: Database info:
	Database JDBC URL [Connecting through datasource 'HikariDataSource (HikariPool-2)']
	Database driver: undefined/unknown
	Database version: 9.5
	Autocommit mode: undefined/unknown
	Isolation level: undefined/unknown
	Minimum pool size: undefined/unknown
	Maximum pool size: undefined/unknown
2026-02-07 00:11:20 [restartedMain] INFO  o.h.c.i.RegionFactoryInitiator - HHH000026: Second-level cache disabled
2026-02-07 00:11:20 [restartedMain] INFO  o.h.e.t.j.p.i.JtaPlatformInitiator - HHH000489: No JTA platform available (set 'hibernate.transaction.jta.platform' to enable JTA platform integration)
2026-02-07 00:11:20 [restartedMain] INFO  o.s.o.j.p.SpringPersistenceUnitInfo - No LoadTimeWeaver setup: ignoring JPA class transformer
2026-02-07 00:11:20 [restartedMain] WARN  org.hibernate.orm.deprecation - HHH90000025: MySQLDialect does not need to be specified explicitly using 'hibernate.dialect' (remove the property setting and it will be selected by default)
2026-02-07 00:11:20 [restartedMain] INFO  o.hibernate.orm.connections.pooling - HHH10001005: Database info:
	Database JDBC URL [Connecting through datasource 'HikariDataSource (HikariPool-1)']
	Database driver: undefined/unknown
	Database version: 9.5
	Autocommit mode: undefined/unknown
	Isolation level: undefined/unknown
	Minimum pool size: undefined/unknown
	Maximum pool size: undefined/unknown
2026-02-07 00:11:20 [restartedMain] INFO  o.h.e.t.j.p.i.JtaPlatformInitiator - HHH000489: No JTA platform available (set 'hibernate.transaction.jta.platform' to enable JTA platform integration)
2026-02-07 00:11:21 [restartedMain] INFO  o.s.o.j.LocalContainerEntityManagerFactoryBean - Initialized JPA EntityManagerFactory for persistence unit 'default'
2026-02-07 00:11:21 [restartedMain] INFO  c.d.d.n.b.PromotionEmailBatchConfig - Initialized email batch thread pool with 4 threads
2026-02-07 00:11:21 [restartedMain] INFO  c.d.d.n.b.PromotionEmailBatchConfig - Performance: 4x faster than single-threaded
2026-02-07 00:11:21 [restartedMain] INFO  c.d.d.n.b.PromotionEmailBatchConfig - Estimated time for 1000 emails: 75 seconds
2026-02-07 00:11:21 [restartedMain] INFO  c.d.d.p.s.i.StripePaymentServiceImpl - Stripe API initialized successfully
2026-02-07 00:11:21 [restartedMain] WARN  o.s.b.a.o.j.JpaBaseConfiguration$JpaWebConfiguration - spring.jpa.open-in-view is enabled by default. Therefore, database queries may be performed during view rendering. Explicitly configure spring.jpa.open-in-view to disable this warning
2026-02-07 00:11:21 [restartedMain] INFO  o.s.s.c.a.a.c.InitializeAuthenticationProviderBeanManagerConfigurer$InitializeAuthenticationProviderManagerConfigurer - Global AuthenticationManager configured with AuthenticationProvider bean with name authenticationProvider
2026-02-07 00:11:21 [restartedMain] WARN  o.s.s.c.a.a.c.InitializeUserDetailsBeanManagerConfigurer$InitializeUserDetailsManagerConfigurer - Global AuthenticationManager configured with an AuthenticationProvider bean. UserDetailsService beans will not be used by Spring Security for automatically configuring username/password login. Consider removing the AuthenticationProvider bean. Alternatively, consider using the UserDetailsService in a manually instantiated DaoAuthenticationProvider. If the current configuration is intentional, to turn off this warning, increase the logging level of 'org.springframework.security.config.annotation.authentication.configuration.InitializeUserDetailsBeanManagerConfigurer' to ERROR
2026-02-07 00:11:21 [restartedMain] INFO  o.s.b.d.a.OptionalLiveReloadServer - LiveReload server is running on port 35729
2026-02-07 00:11:21 [restartedMain] INFO  o.s.m.s.b.SimpleBrokerMessageHandler - Starting...
2026-02-07 00:11:21 [restartedMain] INFO  o.s.m.s.b.SimpleBrokerMessageHandler - BrokerAvailabilityEvent[available=true, SimpleBrokerMessageHandler [org.springframework.messaging.simp.broker.DefaultSubscriptionRegistry@61227ca3]]
2026-02-07 00:11:21 [restartedMain] INFO  o.s.m.s.b.SimpleBrokerMessageHandler - Started.
2026-02-07 00:11:21 [restartedMain] INFO  o.s.b.w.e.tomcat.TomcatWebServer - Tomcat started on port 8080 (http) with context path '/'
2026-02-07 00:11:21 [restartedMain] INFO  c.d.dineo.DineoApplication - Started DineoApplication in 3.943 seconds (process running for 42.826)
2026-02-07 00:11:21 [restartedMain] INFO  o.s.b.d.a.ConditionEvaluationDeltaLoggingListener - Condition evaluation unchanged
2026-02-07 00:11:21 [restartedMain] INFO  o.s.o.j.LocalContainerEntityManagerFactoryBean - Initialized JPA EntityManagerFactory for persistence unit 'default'
2026-02-07 00:11:22 [restartedMain] INFO  o.s.d.j.r.query.QueryEnhancerFactory - Hibernate is in classpath; If applicable, HQL parser will be used.
2026-02-07 00:11:22 [restartedMain] INFO  c.d.d.n.b.PromotionEmailBatchConfig - Initialized email batch thread pool with 4 threads
2026-02-07 00:11:22 [restartedMain] INFO  c.d.d.n.b.PromotionEmailBatchConfig - Performance: 4x faster than single-threaded
2026-02-07 00:11:22 [restartedMain] INFO  c.d.d.n.b.PromotionEmailBatchConfig - Estimated time for 1000 emails: 75 seconds
2026-02-07 00:11:23 [restartedMain] INFO  c.d.d.p.s.i.StripePaymentServiceImpl - Stripe API initialized successfully
2026-02-07 00:11:23 [restartedMain] WARN  o.s.b.a.o.j.JpaBaseConfiguration$JpaWebConfiguration - spring.jpa.open-in-view is enabled by default. Therefore, database queries may be performed during view rendering. Explicitly configure spring.jpa.open-in-view to disable this warning
2026-02-07 00:11:23 [restartedMain] INFO  o.s.s.c.a.a.c.InitializeAuthenticationProviderBeanManagerConfigurer$InitializeAuthenticationProviderManagerConfigurer - Global AuthenticationManager configured with AuthenticationProvider bean with name authenticationProvider
2026-02-07 00:11:23 [restartedMain] WARN  o.s.s.c.a.a.c.InitializeUserDetailsBeanManagerConfigurer$InitializeUserDetailsManagerConfigurer - Global AuthenticationManager configured with an AuthenticationProvider bean. UserDetailsService beans will not be used by Spring Security for automatically configuring username/password login. Consider removing the AuthenticationProvider bean. Alternatively, consider using the UserDetailsService in a manually instantiated DaoAuthenticationProvider. If the current configuration is intentional, to turn off this warning, increase the logging level of 'org.springframework.security.config.annotation.authentication.configuration.InitializeUserDetailsBeanManagerConfigurer' to ERROR
2026-02-07 00:11:23 [restartedMain] WARN  o.s.b.d.a.OptionalLiveReloadServer - Unable to start LiveReload server
2026-02-07 00:11:23 [restartedMain] INFO  o.s.m.s.b.SimpleBrokerMessageHandler - Starting...
2026-02-07 00:11:23 [restartedMain] INFO  o.s.m.s.b.SimpleBrokerMessageHandler - BrokerAvailabilityEvent[available=true, SimpleBrokerMessageHandler [org.springframework.messaging.simp.broker.DefaultSubscriptionRegistry@3a01bf83]]
2026-02-07 00:11:23 [restartedMain] INFO  o.s.m.s.b.SimpleBrokerMessageHandler - Started.
2026-02-07 00:11:23 [restartedMain] INFO  o.s.m.s.b.SimpleBrokerMessageHandler - Stopping...
2026-02-07 00:11:23 [restartedMain] INFO  o.s.m.s.b.SimpleBrokerMessageHandler - BrokerAvailabilityEvent[available=false, SimpleBrokerMessageHandler [org.springframework.messaging.simp.broker.DefaultSubscriptionRegistry@3a01bf83]]
2026-02-07 00:11:23 [restartedMain] INFO  o.s.m.s.b.SimpleBrokerMessageHandler - Stopped.
2026-02-07 00:11:23 [restartedMain] WARN  o.s.b.w.s.c.AnnotationConfigServletWebServerApplicationContext - Exception encountered during context initialization - cancelling refresh attempt: org.springframework.context.ApplicationContextException: Failed to start bean 'webServerStartStop'
2026-02-07 00:11:23 [restartedMain] INFO  o.s.o.j.LocalContainerEntityManagerFactoryBean - Closing JPA EntityManagerFactory for persistence unit 'default'
2026-02-07 00:11:23 [restartedMain] INFO  com.zaxxer.hikari.HikariDataSource - HikariPool-1 - Shutdown initiated...
2026-02-07 00:11:23 [restartedMain] INFO  com.zaxxer.hikari.HikariDataSource - HikariPool-1 - Shutdown completed.
2026-02-07 00:11:23 [restartedMain] INFO  o.s.b.a.l.ConditionEvaluationReportLogger - 

Error starting ApplicationContext. To display the condition evaluation report re-run your application with 'debug' enabled.
2026-02-07 00:11:23 [restartedMain] ERROR o.s.b.d.LoggingFailureAnalysisReporter - 

***************************
APPLICATION FAILED TO START
***************************

Description:

Web server failed to start. Port 8080 was already in use.

Action:

Identify and stop the process that's listening on port 8080 or configure this application to listen on another port.

2026-02-07 00:11:23 [http-nio-8080-exec-1] INFO  o.a.c.c.C.[Tomcat].[localhost].[/] - Initializing Spring DispatcherServlet 'dispatcherServlet'
2026-02-07 00:11:23 [http-nio-8080-exec-1] INFO  o.s.web.servlet.DispatcherServlet - Initializing Servlet 'dispatcherServlet'
2026-02-07 00:11:23 [http-nio-8080-exec-1] INFO  o.s.web.servlet.DispatcherServlet - Completed initialization in 1 ms
2026-02-07 00:11:24 [http-nio-8080-exec-3] INFO  c.d.d.a.c.AdministrationController - Received request to get admin stats
2026-02-07 00:11:24 [http-nio-8080-exec-4] INFO  c.d.d.a.c.AdministrationController - Received request to get admin stats
2026-02-07 00:11:24 [http-nio-8080-exec-4] INFO  c.d.d.a.s.i.AdministrationServiceImpl - Fetching admin statistics
2026-02-07 00:11:24 [http-nio-8080-exec-3] INFO  c.d.d.a.s.i.AdministrationServiceImpl - Fetching admin statistics
2026-02-07 00:11:24 [http-nio-8080-exec-3] INFO  c.d.d.a.s.i.AdministrationServiceImpl - Admin statistics retrieved successfully
2026-02-07 00:11:24 [http-nio-8080-exec-4] INFO  c.d.d.a.s.i.AdministrationServiceImpl - Admin statistics retrieved successfully
2026-02-07 00:11:24 [http-nio-8080-exec-3] INFO  c.d.d.a.c.AdministrationController - Admin stats retrieved successfully by admin: b51a8609-05d1-4bf0-9127-724ba5826894
2026-02-07 00:11:24 [http-nio-8080-exec-4] INFO  c.d.d.a.c.AdministrationController - Admin stats retrieved successfully by admin: b51a8609-05d1-4bf0-9127-724ba5826894
2026-02-07 00:11:32 [http-nio-8080-exec-7] INFO  c.d.d.a.c.AdministrationController - Received request to get admin stats
2026-02-07 00:11:32 [http-nio-8080-exec-8] INFO  c.d.d.a.c.AdministrationController - Received request to get admin stats
2026-02-07 00:11:32 [http-nio-8080-exec-7] INFO  c.d.d.a.s.i.AdministrationServiceImpl - Fetching admin statistics
2026-02-07 00:11:32 [http-nio-8080-exec-8] INFO  c.d.d.a.s.i.AdministrationServiceImpl - Fetching admin statistics
2026-02-07 00:11:32 [http-nio-8080-exec-7] INFO  c.d.d.a.s.i.AdministrationServiceImpl - Admin statistics retrieved successfully
2026-02-07 00:11:32 [http-nio-8080-exec-8] INFO  c.d.d.a.s.i.AdministrationServiceImpl - Admin statistics retrieved successfully
2026-02-07 00:11:32 [http-nio-8080-exec-7] INFO  c.d.d.a.c.AdministrationController - Admin stats retrieved successfully by admin: b51a8609-05d1-4bf0-9127-724ba5826894
2026-02-07 00:11:32 [http-nio-8080-exec-8] INFO  c.d.d.a.c.AdministrationController - Admin stats retrieved successfully by admin: b51a8609-05d1-4bf0-9127-724ba5826894
2026-02-07 00:11:34 [http-nio-8080-exec-2] INFO  c.d.d.a.c.AdministrationController - Received request to get all chefs
2026-02-07 00:11:34 [http-nio-8080-exec-1] INFO  c.d.d.a.c.AdministrationController - Received request to get all chefs
2026-02-07 00:11:34 [http-nio-8080-exec-1] INFO  c.d.d.a.s.i.AdministrationServiceImpl - Fetching all chefs for admin view
2026-02-07 00:11:34 [http-nio-8080-exec-2] INFO  c.d.d.a.s.i.AdministrationServiceImpl - Fetching all chefs for admin view
2026-02-07 00:11:35 [http-nio-8080-exec-1] INFO  c.d.d.a.s.i.AdministrationServiceImpl - Successfully fetched 3 chefs
2026-02-07 00:11:35 [http-nio-8080-exec-2] INFO  c.d.d.a.s.i.AdministrationServiceImpl - Successfully fetched 3 chefs
2026-02-07 00:11:35 [http-nio-8080-exec-2] INFO  c.d.d.a.c.AdministrationController - All chefs retrieved successfully by admin: b51a8609-05d1-4bf0-9127-724ba5826894, count: 3
2026-02-07 00:11:35 [http-nio-8080-exec-1] INFO  c.d.d.a.c.AdministrationController - All chefs retrieved successfully by admin: b51a8609-05d1-4bf0-9127-724ba5826894, count: 3
2026-02-07 00:11:50 [http-nio-8080-exec-5] INFO  c.d.d.a.c.AdministrationController - Received request to get chef detail for ID: 51438312-db03-469c-b476-e4511f8e8e67
2026-02-07 00:11:50 [http-nio-8080-exec-6] INFO  c.d.d.a.c.AdministrationController - Received request to get chef detail for ID: 51438312-db03-469c-b476-e4511f8e8e67
2026-02-07 00:11:50 [http-nio-8080-exec-6] INFO  c.d.d.a.s.i.AdministrationServiceImpl - Fetching chef detail for ID: 51438312-db03-469c-b476-e4511f8e8e67
2026-02-07 00:11:50 [http-nio-8080-exec-5] INFO  c.d.d.a.s.i.AdministrationServiceImpl - Fetching chef detail for ID: 51438312-db03-469c-b476-e4511f8e8e67
2026-02-07 00:11:50 [http-nio-8080-exec-6] INFO  c.d.d.a.s.i.AdministrationServiceImpl - Successfully fetched chef detail with 11 plates
2026-02-07 00:11:50 [http-nio-8080-exec-5] INFO  c.d.d.a.s.i.AdministrationServiceImpl - Successfully fetched chef detail with 11 plates
2026-02-07 00:11:51 [http-nio-8080-exec-6] INFO  c.d.d.a.c.AdministrationController - Chef detail retrieved successfully by admin: b51a8609-05d1-4bf0-9127-724ba5826894, chef: 51438312-db03-469c-b476-e4511f8e8e67
2026-02-07 00:11:51 [http-nio-8080-exec-5] INFO  c.d.d.a.c.AdministrationController - Chef detail retrieved successfully by admin: b51a8609-05d1-4bf0-9127-724ba5826894, chef: 51438312-db03-469c-b476-e4511f8e8e67
2026-02-07 00:12:21 [MessageBroker-1] INFO  o.s.w.s.c.WebSocketMessageBrokerStats - WebSocketSession[0 current WS(0)-HttpStream(0)-HttpPoll(0), 0 total, 0 closed abnormally (0 connect failure, 0 send limit, 0 transport error)], stompSubProtocol[processed CONNECT(0)-CONNECTED(0)-DISCONNECT(0)], stompBrokerRelay[null], inboundChannel[pool size = 0, active threads = 0, queued tasks = 0, completed tasks = 0], outboundChannel[pool size = 0, active threads = 0, queued tasks = 0, completed tasks = 0], sockJsScheduler[pool size = 3, active threads = 1, queued tasks = 2, completed tasks = 0]
2026-02-07 00:21:05 [SpringApplicationShutdownHook] INFO  o.s.b.w.e.tomcat.GracefulShutdown - Commencing graceful shutdown. Waiting for active requests to complete
2026-02-07 00:21:05 [tomcat-shutdown] INFO  o.s.b.w.e.tomcat.GracefulShutdown - Graceful shutdown complete
2026-02-07 00:21:05 [SpringApplicationShutdownHook] INFO  o.s.m.s.b.SimpleBrokerMessageHandler - Stopping...
2026-02-07 00:21:05 [SpringApplicationShutdownHook] INFO  o.s.m.s.b.SimpleBrokerMessageHandler - BrokerAvailabilityEvent[available=false, SimpleBrokerMessageHandler [org.springframework.messaging.simp.broker.DefaultSubscriptionRegistry@61227ca3]]
2026-02-07 00:21:05 [SpringApplicationShutdownHook] INFO  o.s.m.s.b.SimpleBrokerMessageHandler - Stopped.
2026-02-07 00:21:05 [SpringApplicationShutdownHook] INFO  o.s.o.j.LocalContainerEntityManagerFactoryBean - Closing JPA EntityManagerFactory for persistence unit 'default'
2026-02-07 00:21:05 [SpringApplicationShutdownHook] INFO  com.zaxxer.hikari.HikariDataSource - HikariPool-2 - Shutdown initiated...
2026-02-07 00:21:05 [SpringApplicationShutdownHook] INFO  com.zaxxer.hikari.HikariDataSource - HikariPool-2 - Shutdown completed.
2026-02-07 00:24:29 [restartedMain] INFO  c.d.dineo.DineoApplication - Starting DineoApplication using Java 24.0.2 with PID 28636 (/Users/atouaninael/Desktop/personal/dineo project/backend/target/classes started by atouaninael in /Users/atouaninael/Desktop/personal/dineo project/backend)
2026-02-07 00:24:29 [restartedMain] INFO  c.d.dineo.DineoApplication - No active profile set, falling back to 1 default profile: "default"
2026-02-07 00:24:29 [restartedMain] INFO  o.s.b.d.e.DevToolsPropertyDefaultsPostProcessor - Devtools property defaults active! Set 'spring.devtools.add-properties' to 'false' to disable
2026-02-07 00:24:29 [restartedMain] INFO  o.s.b.d.e.DevToolsPropertyDefaultsPostProcessor - For additional web related logging consider setting the 'logging.level.web' property to 'DEBUG'
2026-02-07 00:24:29 [restartedMain] INFO  o.s.d.r.c.RepositoryConfigurationDelegate - Bootstrapping Spring Data JPA repositories in DEFAULT mode.
2026-02-07 00:24:29 [restartedMain] INFO  o.s.d.r.c.RepositoryConfigurationDelegate - Finished Spring Data repository scanning in 29 ms. Found 17 JPA repository interfaces.
2026-02-07 00:24:29 [restartedMain] INFO  o.s.b.w.e.tomcat.TomcatWebServer - Tomcat initialized with port 8080 (http)
2026-02-07 00:24:29 [restartedMain] INFO  o.a.catalina.core.StandardService - Starting service [Tomcat]
2026-02-07 00:24:29 [restartedMain] INFO  o.a.catalina.core.StandardEngine - Starting Servlet engine: [Apache Tomcat/10.1.43]
2026-02-07 00:24:29 [restartedMain] INFO  o.a.c.c.C.[Tomcat].[localhost].[/] - Initializing Spring embedded WebApplicationContext
2026-02-07 00:24:29 [restartedMain] INFO  o.s.b.w.s.c.ServletWebServerApplicationContext - Root WebApplicationContext: initialization completed in 501 ms
2026-02-07 00:24:29 [restartedMain] INFO  com.zaxxer.hikari.HikariDataSource - HikariPool-1 - Starting...
2026-02-07 00:24:30 [restartedMain] INFO  com.zaxxer.hikari.pool.HikariPool - HikariPool-1 - Added connection com.mysql.cj.jdbc.ConnectionImpl@a6759ad
2026-02-07 00:24:30 [restartedMain] INFO  com.zaxxer.hikari.HikariDataSource - HikariPool-1 - Start completed.
2026-02-07 00:24:32 [restartedMain] INFO  o.h.jpa.internal.util.LogHelper - HHH000204: Processing PersistenceUnitInfo [name: default]
2026-02-07 00:24:32 [restartedMain] INFO  org.hibernate.Version - HHH000412: Hibernate ORM core version 6.6.22.Final
2026-02-07 00:24:32 [restartedMain] INFO  o.h.c.i.RegionFactoryInitiator - HHH000026: Second-level cache disabled
2026-02-07 00:24:32 [restartedMain] INFO  o.s.o.j.p.SpringPersistenceUnitInfo - No LoadTimeWeaver setup: ignoring JPA class transformer
2026-02-07 00:24:32 [restartedMain] WARN  org.hibernate.orm.deprecation - HHH90000025: MySQLDialect does not need to be specified explicitly using 'hibernate.dialect' (remove the property setting and it will be selected by default)
2026-02-07 00:24:32 [restartedMain] INFO  o.hibernate.orm.connections.pooling - HHH10001005: Database info:
	Database JDBC URL [Connecting through datasource 'HikariDataSource (HikariPool-1)']
	Database driver: undefined/unknown
	Database version: 9.5
	Autocommit mode: undefined/unknown
	Isolation level: undefined/unknown
	Minimum pool size: undefined/unknown
	Maximum pool size: undefined/unknown
2026-02-07 00:24:32 [restartedMain] INFO  o.h.e.t.j.p.i.JtaPlatformInitiator - HHH000489: No JTA platform available (set 'hibernate.transaction.jta.platform' to enable JTA platform integration)
2026-02-07 00:24:33 [restartedMain] INFO  o.s.o.j.LocalContainerEntityManagerFactoryBean - Initialized JPA EntityManagerFactory for persistence unit 'default'
2026-02-07 00:24:34 [restartedMain] INFO  o.s.d.j.r.query.QueryEnhancerFactory - Hibernate is in classpath; If applicable, HQL parser will be used.
2026-02-07 00:24:34 [restartedMain] INFO  c.d.d.n.b.PromotionEmailBatchConfig - Initialized email batch thread pool with 4 threads
2026-02-07 00:24:34 [restartedMain] INFO  c.d.d.n.b.PromotionEmailBatchConfig - Performance: 4x faster than single-threaded
2026-02-07 00:24:34 [restartedMain] INFO  c.d.d.n.b.PromotionEmailBatchConfig - Estimated time for 1000 emails: 75 seconds
2026-02-07 00:24:34 [restartedMain] INFO  c.d.d.p.s.i.StripePaymentServiceImpl - Stripe API initialized successfully
2026-02-07 00:24:35 [restartedMain] WARN  o.s.b.a.o.j.JpaBaseConfiguration$JpaWebConfiguration - spring.jpa.open-in-view is enabled by default. Therefore, database queries may be performed during view rendering. Explicitly configure spring.jpa.open-in-view to disable this warning
2026-02-07 00:24:35 [restartedMain] INFO  o.s.s.c.a.a.c.InitializeAuthenticationProviderBeanManagerConfigurer$InitializeAuthenticationProviderManagerConfigurer - Global AuthenticationManager configured with AuthenticationProvider bean with name authenticationProvider
2026-02-07 00:24:35 [restartedMain] WARN  o.s.s.c.a.a.c.InitializeUserDetailsBeanManagerConfigurer$InitializeUserDetailsManagerConfigurer - Global AuthenticationManager configured with an AuthenticationProvider bean. UserDetailsService beans will not be used by Spring Security for automatically configuring username/password login. Consider removing the AuthenticationProvider bean. Alternatively, consider using the UserDetailsService in a manually instantiated DaoAuthenticationProvider. If the current configuration is intentional, to turn off this warning, increase the logging level of 'org.springframework.security.config.annotation.authentication.configuration.InitializeUserDetailsBeanManagerConfigurer' to ERROR
2026-02-07 00:24:35 [restartedMain] INFO  o.s.b.d.a.OptionalLiveReloadServer - LiveReload server is running on port 35729
2026-02-07 00:24:35 [restartedMain] INFO  o.s.m.s.b.SimpleBrokerMessageHandler - Starting...
2026-02-07 00:24:35 [restartedMain] INFO  o.s.m.s.b.SimpleBrokerMessageHandler - BrokerAvailabilityEvent[available=true, SimpleBrokerMessageHandler [org.springframework.messaging.simp.broker.DefaultSubscriptionRegistry@4ba3938f]]
2026-02-07 00:24:35 [restartedMain] INFO  o.s.m.s.b.SimpleBrokerMessageHandler - Started.
2026-02-07 00:24:35 [restartedMain] INFO  o.s.b.w.e.tomcat.TomcatWebServer - Tomcat started on port 8080 (http) with context path '/'
2026-02-07 00:24:35 [restartedMain] INFO  c.d.dineo.DineoApplication - Started DineoApplication in 6.066 seconds (process running for 6.2)
2026-02-07 00:24:40 [http-nio-8080-exec-1] INFO  o.a.c.c.C.[Tomcat].[localhost].[/] - Initializing Spring DispatcherServlet 'dispatcherServlet'
2026-02-07 00:24:40 [http-nio-8080-exec-1] INFO  o.s.web.servlet.DispatcherServlet - Initializing Servlet 'dispatcherServlet'
2026-02-07 00:24:40 [http-nio-8080-exec-1] INFO  o.s.web.servlet.DispatcherServlet - Completed initialization in 1 ms
2026-02-07 00:24:40 [http-nio-8080-exec-2] INFO  c.d.d.a.c.PasswordlessAuthController - 🔑 Login request for phone: +21653700027
2026-02-07 00:24:40 [http-nio-8080-exec-2] INFO  c.d.d.a.service.OtpService - ✅ OTP generated for phone: +21653700027, type: LOGIN, expires at: 2026-02-07T00:39:40.770930
2026-02-07 00:24:40 [http-nio-8080-exec-2] INFO  c.d.dineo.sms.service.OvhSmsService - 📱 Attempting to send SMS to 1 recipient(s) from sender: MIAMLOCOM
2026-02-07 00:24:42 [http-nio-8080-exec-2] INFO  c.d.dineo.sms.service.OvhSmsService - 📥 OVH API response code: 200
2026-02-07 00:24:42 [http-nio-8080-exec-2] INFO  c.d.dineo.sms.service.OvhSmsService - ✅ SMS sent successfully: {"ids":[748489485],"validReceivers":["+21653700027"],"tag":"uh0c0qqbsyzpzqmt","invalidReceivers":[],"totalCreditsRemoved":4.8}
2026-02-07 00:24:42 [http-nio-8080-exec-2] INFO  c.d.d.a.service.OtpService - 📱 OTP SMS sent successfully to: +21653700027
2026-02-07 00:24:42 [http-nio-8080-exec-2] INFO  c.d.d.a.c.PasswordlessAuthController - ✅ Login OTP sent successfully to: +21653700027
2026-02-07 00:25:04 [http-nio-8080-exec-4] INFO  c.d.d.a.c.PasswordlessAuthController - 🔐 Verifying login OTP for phone: +21653700027
2026-02-07 00:25:05 [http-nio-8080-exec-4] INFO  c.d.d.a.service.OtpService - ✅ OTP verified successfully for phone: +21653700027, type: LOGIN
2026-02-07 00:25:05 [http-nio-8080-exec-4] INFO  c.d.d.a.c.PasswordlessAuthController - ✅ User role found: ADMIN for user: admin@admin.com
2026-02-07 00:25:05 [http-nio-8080-exec-4] INFO  c.d.d.a.c.PasswordlessAuthController - ✅ Login successful for user: admin@admin.com
2026-02-07 00:25:05 [http-nio-8080-exec-8] INFO  c.d.d.a.c.AdministrationController - Received request to get admin stats
2026-02-07 00:25:05 [http-nio-8080-exec-7] INFO  c.d.d.a.c.AdministrationController - Received request to get admin stats
2026-02-07 00:25:05 [http-nio-8080-exec-7] INFO  c.d.d.a.s.i.AdministrationServiceImpl - Fetching admin statistics
2026-02-07 00:25:05 [http-nio-8080-exec-8] INFO  c.d.d.a.s.i.AdministrationServiceImpl - Fetching admin statistics
2026-02-07 00:25:06 [http-nio-8080-exec-7] INFO  c.d.d.a.s.i.AdministrationServiceImpl - Admin statistics retrieved successfully
2026-02-07 00:25:06 [http-nio-8080-exec-8] INFO  c.d.d.a.s.i.AdministrationServiceImpl - Admin statistics retrieved successfully
2026-02-07 00:25:06 [http-nio-8080-exec-7] INFO  c.d.d.a.c.AdministrationController - Admin stats retrieved successfully by admin: b51a8609-05d1-4bf0-9127-724ba5826894
2026-02-07 00:25:06 [http-nio-8080-exec-8] INFO  c.d.d.a.c.AdministrationController - Admin stats retrieved successfully by admin: b51a8609-05d1-4bf0-9127-724ba5826894
2026-02-07 00:25:07 [http-nio-8080-exec-1] INFO  c.d.d.a.c.AdministrationController - Received request to get all chefs
2026-02-07 00:25:07 [http-nio-8080-exec-2] INFO  c.d.d.a.c.AdministrationController - Received request to get all chefs
2026-02-07 00:25:07 [http-nio-8080-exec-2] INFO  c.d.d.a.s.i.AdministrationServiceImpl - Fetching all chefs for admin view
2026-02-07 00:25:07 [http-nio-8080-exec-1] INFO  c.d.d.a.s.i.AdministrationServiceImpl - Fetching all chefs for admin view
2026-02-07 00:25:08 [http-nio-8080-exec-2] INFO  c.d.d.a.s.i.AdministrationServiceImpl - Successfully fetched 3 chefs
2026-02-07 00:25:08 [http-nio-8080-exec-1] INFO  c.d.d.a.s.i.AdministrationServiceImpl - Successfully fetched 3 chefs
2026-02-07 00:25:08 [http-nio-8080-exec-2] INFO  c.d.d.a.c.AdministrationController - All chefs retrieved successfully by admin: b51a8609-05d1-4bf0-9127-724ba5826894, count: 3
2026-02-07 00:25:08 [http-nio-8080-exec-1] INFO  c.d.d.a.c.AdministrationController - All chefs retrieved successfully by admin: b51a8609-05d1-4bf0-9127-724ba5826894, count: 3
2026-02-07 00:25:35 [MessageBroker-1] INFO  o.s.w.s.c.WebSocketMessageBrokerStats - WebSocketSession[0 current WS(0)-HttpStream(0)-HttpPoll(0), 0 total, 0 closed abnormally (0 connect failure, 0 send limit, 0 transport error)], stompSubProtocol[processed CONNECT(0)-CONNECTED(0)-DISCONNECT(0)], stompBrokerRelay[null], inboundChannel[pool size = 0, active threads = 0, queued tasks = 0, completed tasks = 0], outboundChannel[pool size = 0, active threads = 0, queued tasks = 0, completed tasks = 0], sockJsScheduler[pool size = 3, active threads = 1, queued tasks = 2, completed tasks = 0]
2026-02-07 00:26:07 [http-nio-8080-exec-6] INFO  c.d.d.a.c.AdministrationController - Received request to get chef detail for ID: 51438312-db03-469c-b476-e4511f8e8e67
2026-02-07 00:26:07 [http-nio-8080-exec-5] INFO  c.d.d.a.c.AdministrationController - Received request to get chef detail for ID: 51438312-db03-469c-b476-e4511f8e8e67
2026-02-07 00:26:07 [http-nio-8080-exec-6] INFO  c.d.d.a.s.i.AdministrationServiceImpl - Fetching chef detail for ID: 51438312-db03-469c-b476-e4511f8e8e67
2026-02-07 00:26:07 [http-nio-8080-exec-5] INFO  c.d.d.a.s.i.AdministrationServiceImpl - Fetching chef detail for ID: 51438312-db03-469c-b476-e4511f8e8e67
2026-02-07 00:26:07 [http-nio-8080-exec-6] INFO  c.d.d.a.s.i.AdministrationServiceImpl - Successfully fetched chef detail with 11 plates
2026-02-07 00:26:07 [http-nio-8080-exec-5] INFO  c.d.d.a.s.i.AdministrationServiceImpl - Successfully fetched chef detail with 11 plates
2026-02-07 00:26:07 [http-nio-8080-exec-6] INFO  c.d.d.a.c.AdministrationController - Chef detail retrieved successfully by admin: b51a8609-05d1-4bf0-9127-724ba5826894, chef: 51438312-db03-469c-b476-e4511f8e8e67
2026-02-07 00:26:07 [http-nio-8080-exec-5] INFO  c.d.d.a.c.AdministrationController - Chef detail retrieved successfully by admin: b51a8609-05d1-4bf0-9127-724ba5826894, chef: 51438312-db03-469c-b476-e4511f8e8e67
2026-02-07 00:27:25 [http-nio-8080-exec-2] INFO  c.d.d.a.c.AdministrationController - Received request to get all chefs
2026-02-07 00:27:25 [http-nio-8080-exec-1] INFO  c.d.d.a.c.AdministrationController - Received request to get all chefs
2026-02-07 00:27:25 [http-nio-8080-exec-2] INFO  c.d.d.a.s.i.AdministrationServiceImpl - Fetching all chefs for admin view
2026-02-07 00:27:25 [http-nio-8080-exec-1] INFO  c.d.d.a.s.i.AdministrationServiceImpl - Fetching all chefs for admin view
2026-02-07 00:27:25 [http-nio-8080-exec-2] INFO  c.d.d.a.s.i.AdministrationServiceImpl - Successfully fetched 3 chefs
2026-02-07 00:27:25 [http-nio-8080-exec-1] INFO  c.d.d.a.s.i.AdministrationServiceImpl - Successfully fetched 3 chefs
2026-02-07 00:27:25 [http-nio-8080-exec-2] INFO  c.d.d.a.c.AdministrationController - All chefs retrieved successfully by admin: b51a8609-05d1-4bf0-9127-724ba5826894, count: 3
2026-02-07 00:27:25 [http-nio-8080-exec-1] INFO  c.d.d.a.c.AdministrationController - All chefs retrieved successfully by admin: b51a8609-05d1-4bf0-9127-724ba5826894, count: 3
2026-02-07 00:27:48 [http-nio-8080-exec-5] INFO  c.d.d.a.c.AdministrationController - Received request to get chef detail for ID: 2b9ae655-331b-44dd-a316-505318613279
2026-02-07 00:27:48 [http-nio-8080-exec-6] INFO  c.d.d.a.c.AdministrationController - Received request to get chef detail for ID: 2b9ae655-331b-44dd-a316-505318613279
2026-02-07 00:27:49 [http-nio-8080-exec-6] INFO  c.d.d.a.s.i.AdministrationServiceImpl - Fetching chef detail for ID: 2b9ae655-331b-44dd-a316-505318613279
2026-02-07 00:27:49 [http-nio-8080-exec-5] INFO  c.d.d.a.s.i.AdministrationServiceImpl - Fetching chef detail for ID: 2b9ae655-331b-44dd-a316-505318613279
2026-02-07 00:27:49 [http-nio-8080-exec-6] INFO  c.d.d.a.s.i.AdministrationServiceImpl - Successfully fetched chef detail with 0 plates
2026-02-07 00:27:49 [http-nio-8080-exec-5] INFO  c.d.d.a.s.i.AdministrationServiceImpl - Successfully fetched chef detail with 0 plates
2026-02-07 00:27:49 [http-nio-8080-exec-6] INFO  c.d.d.a.c.AdministrationController - Chef detail retrieved successfully by admin: b51a8609-05d1-4bf0-9127-724ba5826894, chef: 2b9ae655-331b-44dd-a316-505318613279
2026-02-07 00:27:49 [http-nio-8080-exec-5] INFO  c.d.d.a.c.AdministrationController - Chef detail retrieved successfully by admin: b51a8609-05d1-4bf0-9127-724ba5826894, chef: 2b9ae655-331b-44dd-a316-505318613279
2026-02-07 00:31:15 [http-nio-8080-exec-1] INFO  c.d.d.a.c.AdministrationController - Received request to get chef detail for ID: 2b9ae655-331b-44dd-a316-505318613279
2026-02-07 00:31:15 [http-nio-8080-exec-2] INFO  c.d.d.a.c.AdministrationController - Received request to get chef detail for ID: 2b9ae655-331b-44dd-a316-505318613279
2026-02-07 00:31:15 [http-nio-8080-exec-1] INFO  c.d.d.a.s.i.AdministrationServiceImpl - Fetching chef detail for ID: 2b9ae655-331b-44dd-a316-505318613279
2026-02-07 00:31:15 [http-nio-8080-exec-2] INFO  c.d.d.a.s.i.AdministrationServiceImpl - Fetching chef detail for ID: 2b9ae655-331b-44dd-a316-505318613279
2026-02-07 00:31:15 [http-nio-8080-exec-1] INFO  c.d.d.a.s.i.AdministrationServiceImpl - Successfully fetched chef detail with 0 plates
2026-02-07 00:31:15 [http-nio-8080-exec-2] INFO  c.d.d.a.s.i.AdministrationServiceImpl - Successfully fetched chef detail with 0 plates
2026-02-07 00:31:15 [http-nio-8080-exec-1] INFO  c.d.d.a.c.AdministrationController - Chef detail retrieved successfully by admin: b51a8609-05d1-4bf0-9127-724ba5826894, chef: 2b9ae655-331b-44dd-a316-505318613279
2026-02-07 00:31:15 [http-nio-8080-exec-2] INFO  c.d.d.a.c.AdministrationController - Chef detail retrieved successfully by admin: b51a8609-05d1-4bf0-9127-724ba5826894, chef: 2b9ae655-331b-44dd-a316-505318613279
2026-02-07 00:35:05 [http-nio-8080-exec-5] WARN  o.s.w.s.m.s.DefaultHandlerExceptionResolver - Resolved [org.springframework.web.bind.MissingServletRequestParameterException: Required request parameter 'plateData' for method parameter type String is not present]
2026-02-07 00:37:56 [http-nio-8080-exec-7] WARN  o.s.w.s.m.s.DefaultHandlerExceptionResolver - Resolved [org.springframework.web.bind.MissingServletRequestParameterException: Required request parameter 'plateData' for method parameter type String is not present]
2026-02-07 00:38:00 [http-nio-8080-exec-10] WARN  o.s.w.s.m.s.DefaultHandlerExceptionResolver - Resolved [org.springframework.web.bind.MissingServletRequestParameterException: Required request parameter 'plateData' for method parameter type String is not present]
2026-02-07 00:42:27 [http-nio-8080-exec-1] INFO  c.d.d.a.c.AdministrationController - Received request to create plate for chef ID: 2b9ae655-331b-44dd-a316-505318613279
2026-02-07 00:42:27 [http-nio-8080-exec-1] INFO  c.d.d.a.s.i.AdministrationServiceImpl - Admin creating plate for chef ID: 2b9ae655-331b-44dd-a316-505318613279
2026-02-07 00:42:27 [http-nio-8080-exec-1] INFO  c.d.d.a.s.i.AdministrationServiceImpl - Uploading plate image for chef: 2b9ae655-331b-44dd-a316-505318613279
2026-02-07 00:42:27 [http-nio-8080-exec-1] INFO  c.d.d.p.s.impl.BunnyCdnServiceImpl - Starting image upload to Bunny CDN. File: Lasagne-maison-avec-sauce-Bolognaise-DRAP.jpg, Size: 223318 bytes
2026-02-07 00:42:27 [http-nio-8080-exec-1] INFO  c.d.d.p.s.impl.BunnyCdnServiceImpl - Upload URL: https://storage.bunnycdn.com/dineo/plats/ee36f05c-50fc-4965-81a0-c3ae15ceb340_Lasagne-maison-avec-sauce-Bolognaise-DRAP.jpg
2026-02-07 00:42:27 [http-nio-8080-exec-1] INFO  c.d.d.p.s.impl.BunnyCdnServiceImpl - CDN URL: https://dineo.b-cdn.net/plats/ee36f05c-50fc-4965-81a0-c3ae15ceb340_Lasagne-maison-avec-sauce-Bolognaise-DRAP.jpg
2026-02-07 00:42:27 [http-nio-8080-exec-1] INFO  c.d.d.p.s.impl.BunnyCdnServiceImpl - Upload response: 201 - Created
2026-02-07 00:42:27 [http-nio-8080-exec-1] INFO  c.d.d.p.s.impl.BunnyCdnServiceImpl - Image uploaded successfully to: https://dineo.b-cdn.net/plats/ee36f05c-50fc-4965-81a0-c3ae15ceb340_Lasagne-maison-avec-sauce-Bolognaise-DRAP.jpg
2026-02-07 00:42:27 [http-nio-8080-exec-1] INFO  c.d.d.a.s.i.AdministrationServiceImpl - Plate created successfully with ID: 2eaf3e9b-0e96-49cc-b017-334ea920d7ce
2026-02-07 00:42:28 [http-nio-8080-exec-1] INFO  c.d.d.a.c.AdministrationController - Plate created successfully by admin: b51a8609-05d1-4bf0-9127-724ba5826894, for chef: 2b9ae655-331b-44dd-a316-505318613279, plate: 2eaf3e9b-0e96-49cc-b017-334ea920d7ce
2026-02-07 00:42:30 [http-nio-8080-exec-6] INFO  c.d.d.a.c.AdministrationController - Received request to get chef detail for ID: 2b9ae655-331b-44dd-a316-505318613279
2026-02-07 00:42:30 [http-nio-8080-exec-6] INFO  c.d.d.a.s.i.AdministrationServiceImpl - Fetching chef detail for ID: 2b9ae655-331b-44dd-a316-505318613279
2026-02-07 00:42:31 [http-nio-8080-exec-6] INFO  c.d.d.a.s.i.AdministrationServiceImpl - Successfully fetched chef detail with 1 plates
2026-02-07 00:42:31 [http-nio-8080-exec-6] INFO  c.d.d.a.c.AdministrationController - Chef detail retrieved successfully by admin: b51a8609-05d1-4bf0-9127-724ba5826894, chef: 2b9ae655-331b-44dd-a316-505318613279
